<?xml version="1.0" encoding="UTF-8"?>
<testng-results ignored="0" total="2" passed="2" failed="0" skipped="0">
  <reporter-output>
  </reporter-output>
  <suite started-at="2021-12-28T18:00:26 IST" name="Default suite" finished-at="2021-12-28T18:00:45 IST" duration-ms="18540">
    <groups>
    </groups>
    <test started-at="2021-12-28T18:00:26 IST" name="Default test" finished-at="2021-12-28T18:00:45 IST" duration-ms="18540">
      <class name="com.learnautomation.testcases.LoginTest">
        <test-method is-config="true" signature="setupReport()[pri:0, instance:com.learnautomation.testcases.LoginTest@5bf0d49]" started-at="2021-12-28T18:00:26 IST" name="setupReport" finished-at="2021-12-28T18:00:26 IST" duration-ms="300" status="PASS">
          <reporter-output>
          </reporter-output>
        </test-method> <!-- setupReport -->
        <test-method is-config="true" signature="startSession()[pri:0, instance:com.learnautomation.testcases.LoginTest@5bf0d49]" started-at="2021-12-28T18:00:26 IST" name="startSession" finished-at="2021-12-28T18:00:33 IST" duration-ms="7433" status="PASS">
          <reporter-output>
          </reporter-output>
        </test-method> <!-- startSession -->
        <test-method signature="loginWithAdmin()[pri:1, instance:com.learnautomation.testcases.LoginTest@5bf0d49]" started-at="2021-12-28T18:00:34 IST" name="loginWithAdmin" finished-at="2021-12-28T18:00:42 IST" duration-ms="8913" status="PASS">
          <reporter-output>
          </reporter-output>
        </test-method> <!-- loginWithAdmin -->
        <test-method is-config="true" signature="tearDownReport(org.testng.ITestResult)[pri:0, instance:com.learnautomation.testcases.LoginTest@5bf0d49]" started-at="2021-12-28T18:00:42 IST" name="tearDownReport" finished-at="2021-12-28T18:00:44 IST" duration-ms="1120" status="PASS">
          <params>
            <param index="0">
              <value>
                <![CDATA[[TestResult name=loginWithAdmin status=SUCCESS method=LoginTest.loginWithAdmin()[pri:1, instance:com.learnautomation.testcases.LoginTest@5bf0d49] output={null}]]]>
              </value>
            </param>
          </params>
          <reporter-output>
          </reporter-output>
        </test-method> <!-- tearDownReport -->
        <test-method signature="logout()[pri:2, instance:com.learnautomation.testcases.LoginTest@5bf0d49]" started-at="2021-12-28T18:00:44 IST" name="logout" finished-at="2021-12-28T18:00:44 IST" depends-on-methods="com.learnautomation.testcases.LoginTest.loginWithAdmin" duration-ms="7" status="PASS">
          <reporter-output>
          </reporter-output>
        </test-method> <!-- logout -->
        <test-method is-config="true" signature="tearDownReport(org.testng.ITestResult)[pri:0, instance:com.learnautomation.testcases.LoginTest@5bf0d49]" started-at="2021-12-28T18:00:44 IST" name="tearDownReport" finished-at="2021-12-28T18:00:44 IST" duration-ms="676" status="PASS">
          <params>
            <param index="0">
              <value>
                <![CDATA[[TestResult name=logout status=SUCCESS method=LoginTest.logout()[pri:2, instance:com.learnautomation.testcases.LoginTest@5bf0d49] output={null}]]]>
              </value>
            </param>
          </params>
          <reporter-output>
          </reporter-output>
        </test-method> <!-- tearDownReport -->
        <test-method is-config="true" signature="closeSession()[pri:0, instance:com.learnautomation.testcases.LoginTest@5bf0d49]" started-at="2021-12-28T18:00:44 IST" name="closeSession" finished-at="2021-12-28T18:00:45 IST" duration-ms="311" status="PASS">
          <reporter-output>
          </reporter-output>
        </test-method> <!-- closeSession -->
      </class> <!-- com.learnautomation.testcases.LoginTest -->
    </test> <!-- Default test -->
  </suite> <!-- Default suite -->
</testng-results>
